<?xml version="1.0" encoding="UTF-8"?>
<!-- Generated by org.testng.reporters.JUnitXMLReporter -->
<testsuite ignored="0" hostname="maruthi" failures="0" tests="4" name="Default test" time="0.066" errors="0" timestamp="2024-07-07T18:31:31 IST">
  <testcase classname="testNg.SecondClass" name="method4" time="0.008"/>
  <testcase classname="testNg.SecondClass" name="method2" time="0.002"/>
  <testcase classname="testNg.SecondClass" name="method1" time="0.001"/>
  <testcase classname="testNg.SecondClass" name="method3" time="0.001"/>
</testsuite> <!-- Default test -->
