<?xml version="1.0" encoding="UTF-8"?>
<testng-results ignored="0" total="4" passed="4" failed="0" skipped="0">
  <reporter-output>
  </reporter-output>
  <suite started-at="2024-07-07T18:31:31 IST" name="Default suite" finished-at="2024-07-07T18:31:31 IST" duration-ms="66">
    <groups>
    </groups>
    <test started-at="2024-07-07T18:31:31 IST" name="Default test" finished-at="2024-07-07T18:31:31 IST" duration-ms="66">
      <class name="testNg.SecondClass">
        <test-method signature="method4()[pri:1, instance:testNg.SecondClass@77888435]" started-at="2024-07-07T18:31:31 IST" name="method4" finished-at="2024-07-07T18:31:31 IST" duration-ms="8" status="PASS">
          <reporter-output>
          </reporter-output>
        </test-method> <!-- method4 -->
        <test-method signature="method2()[pri:3, instance:testNg.SecondClass@77888435]" started-at="2024-07-07T18:31:31 IST" name="method2" finished-at="2024-07-07T18:31:31 IST" duration-ms="2" status="PASS">
          <reporter-output>
          </reporter-output>
        </test-method> <!-- method2 -->
        <test-method signature="method1()[pri:4, instance:testNg.SecondClass@77888435]" started-at="2024-07-07T18:31:31 IST" name="method1" finished-at="2024-07-07T18:31:31 IST" duration-ms="1" status="PASS">
          <reporter-output>
          </reporter-output>
        </test-method> <!-- method1 -->
        <test-method signature="method3()[pri:4, instance:testNg.SecondClass@77888435]" started-at="2024-07-07T18:31:31 IST" name="method3" finished-at="2024-07-07T18:31:31 IST" duration-ms="1" status="PASS">
          <reporter-output>
          </reporter-output>
        </test-method> <!-- method3 -->
      </class> <!-- testNg.SecondClass -->
    </test> <!-- Default test -->
  </suite> <!-- Default suite -->
</testng-results>
